<?xml version="1.0" encoding="UTF-8"?>
<!-- Generated by org.testng.reporters.JUnitReportReporter -->
<testsuite skipped="0" hostname="DESKTOP-I3TGTRS" name="BasicLogin.ParallelProgram" tests="2" failures="0" timestamp="2020-04-14T18:41:19 IST" time="30.282" errors="0">
  <testcase name="browserLaunch" time="16.488" classname="BasicLogin.ParallelProgram"/>
  <testcase name="browserLaunch" time="13.794" classname="BasicLogin.ParallelProgram"/>
</testsuite> <!-- BasicLogin.ParallelProgram -->
