<?xml version="1.0" encoding="UTF-8"?>
<!-- Generated by org.testng.reporters.JUnitReportReporter -->
<testsuite skipped="0" hostname="DESKTOP-I3TGTRS" name="AnnotationDemo.BasicAnnotaion" tests="4" failures="0" timestamp="2020-04-14T18:39:07 IST" time="0.041" errors="0">
  <testcase name="main" time="0.019" classname="AnnotationDemo.BasicAnnotaion"/>
  <testcase name="main" time="0.012" classname="AnnotationDemo.BasicAnnotaion"/>
  <testcase name="m" time="0.006" classname="AnnotationDemo.BasicAnnotaion"/>
  <testcase name="m" time="0.004" classname="AnnotationDemo.BasicAnnotaion"/>
</testsuite> <!-- AnnotationDemo.BasicAnnotaion -->
